/home/pt/nav_ws/install/lidar_scan/lib/python3.10/site-packages/lidar_scan/__init__.py
/home/pt/nav_ws/install/lidar_scan/lib/python3.10/site-packages/lidar_scan/lidar_pub.py
/home/pt/nav_ws/install/lidar_scan/lib/python3.10/site-packages/lidar_scan/colorMappingNode.py
/home/pt/nav_ws/install/lidar_scan/lib/python3.10/site-packages/lidar_scan/fixed_math.py
/home/pt/nav_ws/install/lidar_scan/lib/python3.10/site-packages/lidar_scan/__pycache__/__init__.cpython-310.pyc
/home/pt/nav_ws/install/lidar_scan/lib/python3.10/site-packages/lidar_scan/__pycache__/lidar_pub.cpython-310.pyc
/home/pt/nav_ws/install/lidar_scan/lib/python3.10/site-packages/lidar_scan/__pycache__/colorMappingNode.cpython-310.pyc
/home/pt/nav_ws/install/lidar_scan/lib/python3.10/site-packages/lidar_scan/__pycache__/fixed_math.cpython-310.pyc
/home/pt/nav_ws/install/lidar_scan/share/ament_index/resource_index/packages/lidar_scan
/home/pt/nav_ws/install/lidar_scan/share/lidar_scan/package.xml
/home/pt/nav_ws/install/lidar_scan/share/lidar_scan/ekf_node.yaml
/home/pt/nav_ws/install/lidar_scan/share/lidar_scan/wamv.urdf
/home/pt/nav_ws/install/lidar_scan/share/lidar_scan/tahseen.rviz
/home/pt/nav_ws/install/lidar_scan/share/lidar_scan/launch/lidar.launch.py
/home/pt/nav_ws/install/lidar_scan/lib/python3.10/site-packages/lidar_scan-0.0.0-py3.10.egg-info/requires.txt
/home/pt/nav_ws/install/lidar_scan/lib/python3.10/site-packages/lidar_scan-0.0.0-py3.10.egg-info/dependency_links.txt
/home/pt/nav_ws/install/lidar_scan/lib/python3.10/site-packages/lidar_scan-0.0.0-py3.10.egg-info/SOURCES.txt
/home/pt/nav_ws/install/lidar_scan/lib/python3.10/site-packages/lidar_scan-0.0.0-py3.10.egg-info/entry_points.txt
/home/pt/nav_ws/install/lidar_scan/lib/python3.10/site-packages/lidar_scan-0.0.0-py3.10.egg-info/zip-safe
/home/pt/nav_ws/install/lidar_scan/lib/python3.10/site-packages/lidar_scan-0.0.0-py3.10.egg-info/PKG-INFO
/home/pt/nav_ws/install/lidar_scan/lib/python3.10/site-packages/lidar_scan-0.0.0-py3.10.egg-info/top_level.txt
/home/pt/nav_ws/install/lidar_scan/lib/lidar_scan/colorMappingNode
/home/pt/nav_ws/install/lidar_scan/lib/lidar_scan/fixed_math
/home/pt/nav_ws/install/lidar_scan/lib/lidar_scan/lidar_pub
/home/pt/nav_ws/install/lidar_scan/lib/lidar_scan/pointcloud_to_laserscan_node
