[0.580s] Invoking command in '/home/pt/nav_ws/lidar_scan_docker': PYTHONPATH=/home/pt/nav_ws/build/lidar_scan/prefix_override:/home/pt/nav_ws/install/lidar_scan/lib/python3.10/site-packages:${PYTHONPATH} /usr/bin/python3 setup.py egg_info --egg-base ../build/lidar_scan build --build-base /home/pt/nav_ws/build/lidar_scan/build install --record /home/pt/nav_ws/build/lidar_scan/install.log --single-version-externally-managed
[0.809s] running egg_info
[0.810s] writing ../build/lidar_scan/lidar_scan.egg-info/PKG-INFO
[0.810s] writing dependency_links to ../build/lidar_scan/lidar_scan.egg-info/dependency_links.txt
[0.810s] writing entry points to ../build/lidar_scan/lidar_scan.egg-info/entry_points.txt
[0.810s] writing requirements to ../build/lidar_scan/lidar_scan.egg-info/requires.txt
[0.810s] writing top-level names to ../build/lidar_scan/lidar_scan.egg-info/top_level.txt
[0.811s] reading manifest file '../build/lidar_scan/lidar_scan.egg-info/SOURCES.txt'
[0.812s] writing manifest file '../build/lidar_scan/lidar_scan.egg-info/SOURCES.txt'
[0.812s] running build
[0.812s] running build_py
[0.812s] /usr/lib/python3/dist-packages/setuptools/command/install.py:34: SetuptoolsDeprecationWarning: setup.py install is deprecated. Use build and pip and other standards-based tools.
[0.813s]   warnings.warn(
[0.813s] running install
[0.813s] running install_lib
[0.814s] running install_data
[0.814s] copying wamv.urdf -> /home/pt/nav_ws/install/lidar_scan/share/lidar_scan
[0.814s] running install_egg_info
[0.815s] removing '/home/pt/nav_ws/install/lidar_scan/lib/python3.10/site-packages/lidar_scan-0.0.0-py3.10.egg-info' (and everything under it)
[0.816s] Copying ../build/lidar_scan/lidar_scan.egg-info to /home/pt/nav_ws/install/lidar_scan/lib/python3.10/site-packages/lidar_scan-0.0.0-py3.10.egg-info
[0.816s] running install_scripts
[0.833s] Installing colorMappingNode script to /home/pt/nav_ws/install/lidar_scan/lib/lidar_scan
[0.833s] Installing fixed_math script to /home/pt/nav_ws/install/lidar_scan/lib/lidar_scan
[0.833s] Installing lidar_pub script to /home/pt/nav_ws/install/lidar_scan/lib/lidar_scan
[0.834s] Installing pointcloud_to_laserscan_node script to /home/pt/nav_ws/install/lidar_scan/lib/lidar_scan
[0.834s] writing list of installed files to '/home/pt/nav_ws/build/lidar_scan/install.log'
[0.853s] Invoked command in '/home/pt/nav_ws/lidar_scan_docker' returned '0': PYTHONPATH=/home/pt/nav_ws/build/lidar_scan/prefix_override:/home/pt/nav_ws/install/lidar_scan/lib/python3.10/site-packages:${PYTHONPATH} /usr/bin/python3 setup.py egg_info --egg-base ../build/lidar_scan build --build-base /home/pt/nav_ws/build/lidar_scan/build install --record /home/pt/nav_ws/build/lidar_scan/install.log --single-version-externally-managed
