[0.594s] Invoking command in '/home/pt/nav_ws/lidar_scan_docker': CONDA_PROMPT_MODIFIER=(base) PYTHONPATH=/home/pt/nav_ws/build/lidar_scan/prefix_override:/home/pt/nav_ws/install/lidar_scan/lib/python3.10/site-packages:${PYTHONPATH} /usr/bin/python3 setup.py egg_info --egg-base ../build/lidar_scan build --build-base /home/pt/nav_ws/build/lidar_scan/build install --record /home/pt/nav_ws/build/lidar_scan/install.log --single-version-externally-managed
[0.830s] running egg_info
[0.830s] creating ../build/lidar_scan/lidar_scan.egg-info
[0.831s] writing ../build/lidar_scan/lidar_scan.egg-info/PKG-INFO
[0.831s] writing dependency_links to ../build/lidar_scan/lidar_scan.egg-info/dependency_links.txt
[0.831s] writing entry points to ../build/lidar_scan/lidar_scan.egg-info/entry_points.txt
[0.831s] writing requirements to ../build/lidar_scan/lidar_scan.egg-info/requires.txt
[0.831s] writing top-level names to ../build/lidar_scan/lidar_scan.egg-info/top_level.txt
[0.831s] writing manifest file '../build/lidar_scan/lidar_scan.egg-info/SOURCES.txt'
[0.832s] reading manifest file '../build/lidar_scan/lidar_scan.egg-info/SOURCES.txt'
[0.833s] writing manifest file '../build/lidar_scan/lidar_scan.egg-info/SOURCES.txt'
[0.833s] running build
[0.833s] running build_py
[0.833s] creating /home/pt/nav_ws/build/lidar_scan/build
[0.833s] creating /home/pt/nav_ws/build/lidar_scan/build/lib
[0.833s] creating /home/pt/nav_ws/build/lidar_scan/build/lib/lidar_scan
[0.833s] copying lidar_scan/__init__.py -> /home/pt/nav_ws/build/lidar_scan/build/lib/lidar_scan
[0.833s] copying lidar_scan/lidar_pub.py -> /home/pt/nav_ws/build/lidar_scan/build/lib/lidar_scan
[0.833s] copying lidar_scan/colorMappingNode.py -> /home/pt/nav_ws/build/lidar_scan/build/lib/lidar_scan
[0.834s] copying lidar_scan/fixed_math.py -> /home/pt/nav_ws/build/lidar_scan/build/lib/lidar_scan
[0.834s] running install
[0.834s] /usr/lib/python3/dist-packages/setuptools/command/install.py:34: SetuptoolsDeprecationWarning: setup.py install is deprecated. Use build and pip and other standards-based tools.
[0.834s]   warnings.warn(
[0.834s] running install_lib
[0.834s] creating /home/pt/nav_ws/install/lidar_scan/lib/python3.10/site-packages/lidar_scan
[0.834s] copying /home/pt/nav_ws/build/lidar_scan/build/lib/lidar_scan/__init__.py -> /home/pt/nav_ws/install/lidar_scan/lib/python3.10/site-packages/lidar_scan
[0.834s] copying /home/pt/nav_ws/build/lidar_scan/build/lib/lidar_scan/lidar_pub.py -> /home/pt/nav_ws/install/lidar_scan/lib/python3.10/site-packages/lidar_scan
[0.835s] copying /home/pt/nav_ws/build/lidar_scan/build/lib/lidar_scan/colorMappingNode.py -> /home/pt/nav_ws/install/lidar_scan/lib/python3.10/site-packages/lidar_scan
[0.835s] copying /home/pt/nav_ws/build/lidar_scan/build/lib/lidar_scan/fixed_math.py -> /home/pt/nav_ws/install/lidar_scan/lib/python3.10/site-packages/lidar_scan
[0.835s] byte-compiling /home/pt/nav_ws/install/lidar_scan/lib/python3.10/site-packages/lidar_scan/__init__.py to __init__.cpython-310.pyc
[0.835s] byte-compiling /home/pt/nav_ws/install/lidar_scan/lib/python3.10/site-packages/lidar_scan/lidar_pub.py to lidar_pub.cpython-310.pyc
[0.836s] byte-compiling /home/pt/nav_ws/install/lidar_scan/lib/python3.10/site-packages/lidar_scan/colorMappingNode.py to colorMappingNode.cpython-310.pyc
[0.837s] byte-compiling /home/pt/nav_ws/install/lidar_scan/lib/python3.10/site-packages/lidar_scan/fixed_math.py to fixed_math.cpython-310.pyc
[0.838s] running install_data
[0.838s] creating /home/pt/nav_ws/install/lidar_scan/share/ament_index
[0.839s] creating /home/pt/nav_ws/install/lidar_scan/share/ament_index/resource_index
[0.839s] creating /home/pt/nav_ws/install/lidar_scan/share/ament_index/resource_index/packages
[0.839s] copying resource/lidar_scan -> /home/pt/nav_ws/install/lidar_scan/share/ament_index/resource_index/packages
[0.839s] copying package.xml -> /home/pt/nav_ws/install/lidar_scan/share/lidar_scan
[0.839s] copying ekf_node.yaml -> /home/pt/nav_ws/install/lidar_scan/share/lidar_scan
[0.839s] copying wamv.urdf -> /home/pt/nav_ws/install/lidar_scan/share/lidar_scan
[0.839s] copying tahseen.rviz -> /home/pt/nav_ws/install/lidar_scan/share/lidar_scan
[0.839s] creating /home/pt/nav_ws/install/lidar_scan/share/lidar_scan/launch
[0.839s] copying launch/lidar.launch.py -> /home/pt/nav_ws/install/lidar_scan/share/lidar_scan/launch
[0.839s] running install_egg_info
[0.841s] Copying ../build/lidar_scan/lidar_scan.egg-info to /home/pt/nav_ws/install/lidar_scan/lib/python3.10/site-packages/lidar_scan-0.0.0-py3.10.egg-info
[0.842s] running install_scripts
[0.859s] Installing colorMappingNode script to /home/pt/nav_ws/install/lidar_scan/lib/lidar_scan
[0.859s] Installing fixed_math script to /home/pt/nav_ws/install/lidar_scan/lib/lidar_scan
[0.859s] Installing lidar_pub script to /home/pt/nav_ws/install/lidar_scan/lib/lidar_scan
[0.859s] Installing pointcloud_to_laserscan_node script to /home/pt/nav_ws/install/lidar_scan/lib/lidar_scan
[0.859s] writing list of installed files to '/home/pt/nav_ws/build/lidar_scan/install.log'
[0.878s] Invoked command in '/home/pt/nav_ws/lidar_scan_docker' returned '0': CONDA_PROMPT_MODIFIER=(base) PYTHONPATH=/home/pt/nav_ws/build/lidar_scan/prefix_override:/home/pt/nav_ws/install/lidar_scan/lib/python3.10/site-packages:${PYTHONPATH} /usr/bin/python3 setup.py egg_info --egg-base ../build/lidar_scan build --build-base /home/pt/nav_ws/build/lidar_scan/build install --record /home/pt/nav_ws/build/lidar_scan/install.log --single-version-externally-managed
