running egg_info
writing ../build/lidar_scan/lidar_scan.egg-info/PKG-INFO
writing dependency_links to ../build/lidar_scan/lidar_scan.egg-info/dependency_links.txt
writing entry points to ../build/lidar_scan/lidar_scan.egg-info/entry_points.txt
writing requirements to ../build/lidar_scan/lidar_scan.egg-info/requires.txt
writing top-level names to ../build/lidar_scan/lidar_scan.egg-info/top_level.txt
reading manifest file '../build/lidar_scan/lidar_scan.egg-info/SOURCES.txt'
writing manifest file '../build/lidar_scan/lidar_scan.egg-info/SOURCES.txt'
running build
running build_py
running install
/usr/lib/python3/dist-packages/setuptools/command/install.py:34: SetuptoolsDeprecationWarning: setup.py install is deprecated. Use build and pip and other standards-based tools.
  warnings.warn(
running install_lib
running install_data
copying wamv.urdf -> /home/pt/nav_ws/install/lidar_scan/share/lidar_scan
running install_egg_info
removing '/home/pt/nav_ws/install/lidar_scan/lib/python3.10/site-packages/lidar_scan-0.0.0-py3.10.egg-info' (and everything under it)
Copying ../build/lidar_scan/lidar_scan.egg-info to /home/pt/nav_ws/install/lidar_scan/lib/python3.10/site-packages/lidar_scan-0.0.0-py3.10.egg-info
running install_scripts
Installing colorMappingNode script to /home/pt/nav_ws/install/lidar_scan/lib/lidar_scan
Installing fixed_math script to /home/pt/nav_ws/install/lidar_scan/lib/lidar_scan
Installing lidar_pub script to /home/pt/nav_ws/install/lidar_scan/lib/lidar_scan
Installing pointcloud_to_laserscan_node script to /home/pt/nav_ws/install/lidar_scan/lib/lidar_scan
writing list of installed files to '/home/pt/nav_ws/build/lidar_scan/install.log'
