[0.306s] DEBUG:colcon:Command line arguments: ['/usr/bin/colcon', 'build']
[0.306s] DEBUG:colcon:Parsed command line arguments: Namespace(log_base=None, log_level=None, verb_name='build', build_base='build', install_base='install', merge_install=False, symlink_install=False, test_result_base=None, continue_on_error=False, executor='parallel', parallel_workers=12, event_handlers=None, ignore_user_meta=False, metas=['./colcon.meta'], base_paths=['.'], packages_ignore=None, packages_ignore_regex=None, paths=None, packages_up_to=None, packages_up_to_regex=None, packages_above=None, packages_above_and_dependencies=None, packages_above_depth=None, packages_select_by_dep=None, packages_skip_by_dep=None, packages_skip_up_to=None, packages_select_build_failed=False, packages_skip_build_finished=False, packages_select_test_failures=False, packages_skip_test_passed=False, packages_select=None, packages_skip=None, packages_select_regex=None, packages_skip_regex=None, packages_start=None, packages_end=None, allow_overriding=[], cmake_args=None, cmake_target=None, cmake_target_skip_unavailable=False, cmake_clean_cache=False, cmake_clean_first=False, cmake_force_configure=False, ament_cmake_args=None, catkin_cmake_args=None, catkin_skip_building_tests=False, verb_parser=<colcon_defaults.argument_parser.defaults.DefaultArgumentsDecorator object at 0x7f5516632bc0>, verb_extension=<colcon_core.verb.build.BuildVerb object at 0x7f5517060af0>, main=<bound method BuildVerb.main of <colcon_core.verb.build.BuildVerb object at 0x7f5517060af0>>)
[0.326s] Level 1:colcon.colcon_core.package_discovery:discover_packages(colcon_meta) check parameters
[0.326s] Level 1:colcon.colcon_core.package_discovery:discover_packages(recursive) check parameters
[0.326s] Level 1:colcon.colcon_core.package_discovery:discover_packages(ignore) check parameters
[0.326s] Level 1:colcon.colcon_core.package_discovery:discover_packages(path) check parameters
[0.326s] Level 1:colcon.colcon_core.package_discovery:discover_packages(colcon_meta) discover
[0.326s] Level 1:colcon.colcon_core.package_discovery:discover_packages(recursive) discover
[0.326s] INFO:colcon.colcon_core.package_discovery:Crawling recursively for packages in '/home/pt/nav_ws'
[0.326s] Level 1:colcon.colcon_core.package_identification:_identify(.) by extensions ['ignore', 'ignore_ament_install']
[0.327s] Level 1:colcon.colcon_core.package_identification:_identify(.) by extension 'ignore'
[0.327s] Level 1:colcon.colcon_core.package_identification:_identify(.) by extension 'ignore_ament_install'
[0.327s] Level 1:colcon.colcon_core.package_identification:_identify(.) by extensions ['colcon_pkg']
[0.327s] Level 1:colcon.colcon_core.package_identification:_identify(.) by extension 'colcon_pkg'
[0.327s] Level 1:colcon.colcon_core.package_identification:_identify(.) by extensions ['colcon_meta']
[0.327s] Level 1:colcon.colcon_core.package_identification:_identify(.) by extension 'colcon_meta'
[0.327s] Level 1:colcon.colcon_core.package_identification:_identify(.) by extensions ['ros']
[0.327s] Level 1:colcon.colcon_core.package_identification:_identify(.) by extension 'ros'
[0.336s] Level 1:colcon.colcon_core.package_identification:_identify(.) by extensions ['cmake', 'python']
[0.336s] Level 1:colcon.colcon_core.package_identification:_identify(.) by extension 'cmake'
[0.336s] Level 1:colcon.colcon_core.package_identification:_identify(.) by extension 'python'
[0.336s] Level 1:colcon.colcon_core.package_identification:_identify(.) by extensions ['python_setup_py']
[0.336s] Level 1:colcon.colcon_core.package_identification:_identify(.) by extension 'python_setup_py'
[0.336s] Level 1:colcon.colcon_core.package_identification:_identify(build) by extensions ['ignore', 'ignore_ament_install']
[0.337s] Level 1:colcon.colcon_core.package_identification:_identify(build) by extension 'ignore'
[0.337s] Level 1:colcon.colcon_core.package_identification:_identify(build) ignored
[0.337s] Level 1:colcon.colcon_core.package_identification:_identify(install) by extensions ['ignore', 'ignore_ament_install']
[0.337s] Level 1:colcon.colcon_core.package_identification:_identify(install) by extension 'ignore'
[0.337s] Level 1:colcon.colcon_core.package_identification:_identify(install) ignored
[0.337s] Level 1:colcon.colcon_core.package_identification:_identify(lidar_scan_docker) by extensions ['ignore', 'ignore_ament_install']
[0.337s] Level 1:colcon.colcon_core.package_identification:_identify(lidar_scan_docker) by extension 'ignore'
[0.337s] Level 1:colcon.colcon_core.package_identification:_identify(lidar_scan_docker) by extension 'ignore_ament_install'
[0.337s] Level 1:colcon.colcon_core.package_identification:_identify(lidar_scan_docker) by extensions ['colcon_pkg']
[0.337s] Level 1:colcon.colcon_core.package_identification:_identify(lidar_scan_docker) by extension 'colcon_pkg'
[0.337s] Level 1:colcon.colcon_core.package_identification:_identify(lidar_scan_docker) by extensions ['colcon_meta']
[0.337s] Level 1:colcon.colcon_core.package_identification:_identify(lidar_scan_docker) by extension 'colcon_meta'
[0.337s] Level 1:colcon.colcon_core.package_identification:_identify(lidar_scan_docker) by extensions ['ros']
[0.337s] Level 1:colcon.colcon_core.package_identification:_identify(lidar_scan_docker) by extension 'ros'
[0.340s] DEBUG:colcon.colcon_core.package_identification:Package 'lidar_scan_docker' with type 'ros.ament_python' and name 'lidar_scan'
[0.340s] Level 1:colcon.colcon_core.package_identification:_identify(log) by extensions ['ignore', 'ignore_ament_install']
[0.340s] Level 1:colcon.colcon_core.package_identification:_identify(log) by extension 'ignore'
[0.340s] Level 1:colcon.colcon_core.package_identification:_identify(log) ignored
[0.341s] Level 1:colcon.colcon_core.package_discovery:discover_packages(recursive) using defaults
[0.341s] Level 1:colcon.colcon_core.package_discovery:discover_packages(ignore) discover
[0.341s] Level 1:colcon.colcon_core.package_discovery:discover_packages(ignore) using defaults
[0.341s] Level 1:colcon.colcon_core.package_discovery:discover_packages(path) discover
[0.341s] Level 1:colcon.colcon_core.package_discovery:discover_packages(path) using defaults
[0.360s] Level 1:colcon.colcon_core.package_discovery:discover_packages(prefix_path) check parameters
[0.360s] Level 1:colcon.colcon_core.package_discovery:discover_packages(prefix_path) discover
[0.362s] DEBUG:colcon.colcon_installed_package_information.package_discovery:Found 1 installed packages in /home/pt/nav_ws/install
[0.363s] DEBUG:colcon.colcon_installed_package_information.package_discovery:Found 339 installed packages in /opt/ros/humble
[0.366s] Level 1:colcon.colcon_core.package_discovery:discover_packages(prefix_path) using defaults
[0.423s] Level 5:colcon.colcon_core.verb:set package 'lidar_scan' build argument 'cmake_args' from command line to 'None'
[0.423s] Level 5:colcon.colcon_core.verb:set package 'lidar_scan' build argument 'cmake_target' from command line to 'None'
[0.423s] Level 5:colcon.colcon_core.verb:set package 'lidar_scan' build argument 'cmake_target_skip_unavailable' from command line to 'False'
[0.423s] Level 5:colcon.colcon_core.verb:set package 'lidar_scan' build argument 'cmake_clean_cache' from command line to 'False'
[0.423s] Level 5:colcon.colcon_core.verb:set package 'lidar_scan' build argument 'cmake_clean_first' from command line to 'False'
[0.423s] Level 5:colcon.colcon_core.verb:set package 'lidar_scan' build argument 'cmake_force_configure' from command line to 'False'
[0.423s] Level 5:colcon.colcon_core.verb:set package 'lidar_scan' build argument 'ament_cmake_args' from command line to 'None'
[0.423s] Level 5:colcon.colcon_core.verb:set package 'lidar_scan' build argument 'catkin_cmake_args' from command line to 'None'
[0.423s] Level 5:colcon.colcon_core.verb:set package 'lidar_scan' build argument 'catkin_skip_building_tests' from command line to 'False'
[0.423s] DEBUG:colcon.colcon_core.verb:Building package 'lidar_scan' with the following arguments: {'ament_cmake_args': None, 'build_base': '/home/pt/nav_ws/build/lidar_scan', 'catkin_cmake_args': None, 'catkin_skip_building_tests': False, 'cmake_args': None, 'cmake_clean_cache': False, 'cmake_clean_first': False, 'cmake_force_configure': False, 'cmake_target': None, 'cmake_target_skip_unavailable': False, 'install_base': '/home/pt/nav_ws/install/lidar_scan', 'merge_install': False, 'path': '/home/pt/nav_ws/lidar_scan_docker', 'symlink_install': False, 'test_result_base': None}
[0.424s] INFO:colcon.colcon_core.executor:Executing jobs using 'parallel' executor
[0.426s] DEBUG:colcon.colcon_parallel_executor.executor.parallel:run_until_complete
[0.427s] INFO:colcon.colcon_ros.task.ament_python.build:Building ROS package in '/home/pt/nav_ws/lidar_scan_docker' with build type 'ament_python'
[0.427s] Level 1:colcon.colcon_core.shell:create_environment_hook('lidar_scan', 'ament_prefix_path')
[0.430s] INFO:colcon.colcon_core.plugin_system:Skipping extension 'colcon_core.shell.bat': Not used on non-Windows systems
[0.430s] INFO:colcon.colcon_core.shell:Creating environment hook '/home/pt/nav_ws/install/lidar_scan/share/lidar_scan/hook/ament_prefix_path.ps1'
[0.431s] INFO:colcon.colcon_core.shell:Creating environment descriptor '/home/pt/nav_ws/install/lidar_scan/share/lidar_scan/hook/ament_prefix_path.dsv'
[0.431s] INFO:colcon.colcon_core.shell:Creating environment hook '/home/pt/nav_ws/install/lidar_scan/share/lidar_scan/hook/ament_prefix_path.sh'
[0.433s] INFO:colcon.colcon_core.shell:Skip shell extension 'powershell' for command environment: Not usable outside of PowerShell
[0.433s] DEBUG:colcon.colcon_core.shell:Skip shell extension 'dsv' for command environment
[0.436s] DEBUG:colcon.colcon_core.shell:Ignoring prefix path '/home/pt/sub_ws/devel'
[0.678s] INFO:colcon.colcon_core.task.python.build:Building Python package in '/home/pt/nav_ws/lidar_scan_docker'
[0.679s] INFO:colcon.colcon_core.shell:Skip shell extension 'powershell' for command environment: Not usable outside of PowerShell
[0.680s] DEBUG:colcon.colcon_core.shell:Skip shell extension 'dsv' for command environment
[0.683s] DEBUG:colcon.colcon_core.shell:Ignoring prefix path '/home/pt/sub_ws/devel'
[1.035s] DEBUG:colcon.colcon_core.event_handler.log_command:Invoking command in '/home/pt/nav_ws/lidar_scan_docker': PYTHONPATH=/home/pt/nav_ws/build/lidar_scan/prefix_override:/home/pt/nav_ws/install/lidar_scan/lib/python3.10/site-packages:${PYTHONPATH} /usr/bin/python3 setup.py egg_info --egg-base ../build/lidar_scan build --build-base /home/pt/nav_ws/build/lidar_scan/build install --record /home/pt/nav_ws/build/lidar_scan/install.log --single-version-externally-managed
[1.310s] DEBUG:colcon.colcon_core.event_handler.log_command:Invoked command in '/home/pt/nav_ws/lidar_scan_docker' returned '0': PYTHONPATH=/home/pt/nav_ws/build/lidar_scan/prefix_override:/home/pt/nav_ws/install/lidar_scan/lib/python3.10/site-packages:${PYTHONPATH} /usr/bin/python3 setup.py egg_info --egg-base ../build/lidar_scan build --build-base /home/pt/nav_ws/build/lidar_scan/build install --record /home/pt/nav_ws/build/lidar_scan/install.log --single-version-externally-managed
[1.314s] Level 1:colcon.colcon_core.environment:checking '/home/pt/nav_ws/install/lidar_scan' for CMake module files
[1.315s] Level 1:colcon.colcon_core.environment:checking '/home/pt/nav_ws/install/lidar_scan' for CMake config files
[1.315s] Level 1:colcon.colcon_core.environment:checking '/home/pt/nav_ws/install/lidar_scan/lib'
[1.315s] Level 1:colcon.colcon_core.environment:checking '/home/pt/nav_ws/install/lidar_scan/bin'
[1.315s] Level 1:colcon.colcon_core.environment:checking '/home/pt/nav_ws/install/lidar_scan/lib/pkgconfig/lidar_scan.pc'
[1.316s] Level 1:colcon.colcon_core.environment:checking '/home/pt/nav_ws/install/lidar_scan/lib/python3.10/site-packages'
[1.316s] Level 1:colcon.colcon_core.shell:create_environment_hook('lidar_scan', 'pythonpath')
[1.317s] INFO:colcon.colcon_core.shell:Creating environment hook '/home/pt/nav_ws/install/lidar_scan/share/lidar_scan/hook/pythonpath.ps1'
[1.317s] INFO:colcon.colcon_core.shell:Creating environment descriptor '/home/pt/nav_ws/install/lidar_scan/share/lidar_scan/hook/pythonpath.dsv'
[1.318s] INFO:colcon.colcon_core.shell:Creating environment hook '/home/pt/nav_ws/install/lidar_scan/share/lidar_scan/hook/pythonpath.sh'
[1.318s] Level 1:colcon.colcon_core.environment:checking '/home/pt/nav_ws/install/lidar_scan/bin'
[1.318s] Level 1:colcon.colcon_core.environment:create_environment_scripts_only(lidar_scan)
[1.319s] INFO:colcon.colcon_core.shell:Creating package script '/home/pt/nav_ws/install/lidar_scan/share/lidar_scan/package.ps1'
[1.320s] INFO:colcon.colcon_core.shell:Creating package descriptor '/home/pt/nav_ws/install/lidar_scan/share/lidar_scan/package.dsv'
[1.321s] INFO:colcon.colcon_core.shell:Creating package script '/home/pt/nav_ws/install/lidar_scan/share/lidar_scan/package.sh'
[1.321s] INFO:colcon.colcon_core.shell:Creating package script '/home/pt/nav_ws/install/lidar_scan/share/lidar_scan/package.bash'
[1.322s] INFO:colcon.colcon_core.shell:Creating package script '/home/pt/nav_ws/install/lidar_scan/share/lidar_scan/package.zsh'
[1.322s] Level 1:colcon.colcon_core.environment:create_file_with_runtime_dependencies(/home/pt/nav_ws/install/lidar_scan/share/colcon-core/packages/lidar_scan)
[1.323s] DEBUG:colcon.colcon_parallel_executor.executor.parallel:closing loop
[1.323s] DEBUG:colcon.colcon_parallel_executor.executor.parallel:loop closed
[1.323s] DEBUG:colcon.colcon_parallel_executor.executor.parallel:run_until_complete finished with '0'
[1.323s] DEBUG:colcon.colcon_core.event_reactor:joining thread
[1.328s] INFO:colcon.colcon_core.plugin_system:Skipping extension 'colcon_notification.desktop_notification.terminal_notifier': Not used on non-Darwin systems
[1.328s] INFO:colcon.colcon_core.plugin_system:Skipping extension 'colcon_notification.desktop_notification.win32': Not used on non-Windows systems
[1.328s] INFO:colcon.colcon_notification.desktop_notification:Sending desktop notification using 'notify2'
[1.337s] DEBUG:colcon.colcon_core.event_reactor:joined thread
[1.338s] INFO:colcon.colcon_core.shell:Creating prefix script '/home/pt/nav_ws/install/local_setup.ps1'
[1.339s] INFO:colcon.colcon_core.shell:Creating prefix util module '/home/pt/nav_ws/install/_local_setup_util_ps1.py'
[1.340s] INFO:colcon.colcon_core.shell:Creating prefix chain script '/home/pt/nav_ws/install/setup.ps1'
[1.342s] INFO:colcon.colcon_core.shell:Creating prefix script '/home/pt/nav_ws/install/local_setup.sh'
[1.342s] INFO:colcon.colcon_core.shell:Creating prefix util module '/home/pt/nav_ws/install/_local_setup_util_sh.py'
[1.343s] INFO:colcon.colcon_core.shell:Creating prefix chain script '/home/pt/nav_ws/install/setup.sh'
[1.344s] INFO:colcon.colcon_core.shell:Creating prefix script '/home/pt/nav_ws/install/local_setup.bash'
[1.345s] INFO:colcon.colcon_core.shell:Creating prefix chain script '/home/pt/nav_ws/install/setup.bash'
[1.346s] INFO:colcon.colcon_core.shell:Creating prefix script '/home/pt/nav_ws/install/local_setup.zsh'
[1.346s] INFO:colcon.colcon_core.shell:Creating prefix chain script '/home/pt/nav_ws/install/setup.zsh'
