[0.640s] Invoking command in '/home/pt/nav_ws/lidar_scan_docker': PYTHONPATH=/home/pt/nav_ws/build/lidar_scan/prefix_override:/home/pt/nav_ws/install/lidar_scan/lib/python3.10/site-packages:${PYTHONPATH} /usr/bin/python3 setup.py egg_info --egg-base ../build/lidar_scan build --build-base /home/pt/nav_ws/build/lidar_scan/build install --record /home/pt/nav_ws/build/lidar_scan/install.log --single-version-externally-managed
[0.889s] running egg_info
[0.890s] writing ../build/lidar_scan/lidar_scan.egg-info/PKG-INFO
[0.890s] writing dependency_links to ../build/lidar_scan/lidar_scan.egg-info/dependency_links.txt
[0.890s] writing entry points to ../build/lidar_scan/lidar_scan.egg-info/entry_points.txt
[0.890s] writing requirements to ../build/lidar_scan/lidar_scan.egg-info/requires.txt
[0.890s] writing top-level names to ../build/lidar_scan/lidar_scan.egg-info/top_level.txt
[0.892s] reading manifest file '../build/lidar_scan/lidar_scan.egg-info/SOURCES.txt'
[0.893s] writing manifest file '../build/lidar_scan/lidar_scan.egg-info/SOURCES.txt'
[0.893s] running build
[0.893s] running build_py
[0.894s] running install
[0.894s] /usr/lib/python3/dist-packages/setuptools/command/install.py:34: SetuptoolsDeprecationWarning: setup.py install is deprecated. Use build and pip and other standards-based tools.
[0.894s]   warnings.warn(
[0.894s] running install_lib
[0.895s] running install_data
[0.896s] copying wamv.urdf -> /home/pt/nav_ws/install/lidar_scan/share/lidar_scan
[0.896s] running install_egg_info
[0.898s] removing '/home/pt/nav_ws/install/lidar_scan/lib/python3.10/site-packages/lidar_scan-0.0.0-py3.10.egg-info' (and everything under it)
[0.898s] Copying ../build/lidar_scan/lidar_scan.egg-info to /home/pt/nav_ws/install/lidar_scan/lib/python3.10/site-packages/lidar_scan-0.0.0-py3.10.egg-info
[0.899s] running install_scripts
[0.918s] Installing colorMappingNode script to /home/pt/nav_ws/install/lidar_scan/lib/lidar_scan
[0.918s] Installing fixed_math script to /home/pt/nav_ws/install/lidar_scan/lib/lidar_scan
[0.918s] Installing lidar_pub script to /home/pt/nav_ws/install/lidar_scan/lib/lidar_scan
[0.918s] Installing pointcloud_to_laserscan_node script to /home/pt/nav_ws/install/lidar_scan/lib/lidar_scan
[0.918s] writing list of installed files to '/home/pt/nav_ws/build/lidar_scan/install.log'
[0.940s] Invoked command in '/home/pt/nav_ws/lidar_scan_docker' returned '0': PYTHONPATH=/home/pt/nav_ws/build/lidar_scan/prefix_override:/home/pt/nav_ws/install/lidar_scan/lib/python3.10/site-packages:${PYTHONPATH} /usr/bin/python3 setup.py egg_info --egg-base ../build/lidar_scan build --build-base /home/pt/nav_ws/build/lidar_scan/build install --record /home/pt/nav_ws/build/lidar_scan/install.log --single-version-externally-managed
